[INFO] Scanning for projects...
[WARNING] 
[WARNING] Some problems were encountered while building the effective model for de.axelspringer.ideas:mate-challenge:jar:1.0-SNAPSHOT
[WARNING] 'dependencies.dependency.exclusions.exclusion.artifactId' for org.springframework.boot:spring-boot-starter-web:jar with value 'logback-classic:jar' does not match a valid id pattern. @ line 33, column 33
[WARNING] 
[WARNING] It is highly recommended to fix these problems because they threaten the stability of your build.
[WARNING] 
[WARNING] For this reason, future Maven versions might no longer support building such malformed projects.
[WARNING] 
Downloading: http://pcp-devel-rep.pcp.asudc.net/nexus/content/groups/pcp-central-repo/org/jooq/jooq-codegen-maven/3.8.4/jooq-codegen-maven-3.8.4.pom
[WARNING] Failed to retrieve plugin descriptor for org.jooq:jooq-codegen-maven:3.8.4: Plugin org.jooq:jooq-codegen-maven:3.8.4 or one of its dependencies could not be resolved: Failed to read artifact descriptor for org.jooq:jooq-codegen-maven:jar:3.8.4
[INFO]                                                                         
[INFO] ------------------------------------------------------------------------
[INFO] Building mate-challenge 1.0-SNAPSHOT
[INFO] ------------------------------------------------------------------------
[WARNING] Failed to retrieve plugin descriptor for org.jooq:jooq-codegen-maven:3.8.4: Plugin org.jooq:jooq-codegen-maven:3.8.4 or one of its dependencies could not be resolved: Failed to read artifact descriptor for org.jooq:jooq-codegen-maven:jar:3.8.4
[INFO] 
[INFO] --- maven-dependency-plugin:2.10:tree (default-cli) @ mate-challenge ---
[INFO] de.axelspringer.ideas:mate-challenge:jar:1.0-SNAPSHOT
[INFO] +- org.springframework.boot:spring-boot-starter-web:jar:1.4.0.RELEASE:compile
[INFO] |  +- org.springframework.boot:spring-boot-starter:jar:1.4.0.RELEASE:compile
[INFO] |  |  +- org.springframework.boot:spring-boot:jar:1.4.0.RELEASE:compile
[INFO] |  |  +- org.springframework.boot:spring-boot-autoconfigure:jar:1.4.0.RELEASE:compile
[INFO] |  |  +- org.springframework.boot:spring-boot-starter-logging:jar:1.4.0.RELEASE:compile
[INFO] |  |  |  +- ch.qos.logback:logback-classic:jar:1.1.7:compile
[INFO] |  |  |  |  \- ch.qos.logback:logback-core:jar:1.1.7:compile
[INFO] |  |  |  +- org.slf4j:jcl-over-slf4j:jar:1.7.21:compile
[INFO] |  |  |  +- org.slf4j:jul-to-slf4j:jar:1.7.21:compile
[INFO] |  |  |  \- org.slf4j:log4j-over-slf4j:jar:1.7.21:compile
[INFO] |  |  \- org.yaml:snakeyaml:jar:1.17:runtime
[INFO] |  +- org.springframework.boot:spring-boot-starter-tomcat:jar:1.4.0.RELEASE:compile
[INFO] |  |  +- org.apache.tomcat.embed:tomcat-embed-core:jar:8.5.4:compile
[INFO] |  |  +- org.apache.tomcat.embed:tomcat-embed-el:jar:8.5.4:compile
[INFO] |  |  \- org.apache.tomcat.embed:tomcat-embed-websocket:jar:8.5.4:compile
[INFO] |  +- org.hibernate:hibernate-validator:jar:5.2.4.Final:compile
[INFO] |  |  +- javax.validation:validation-api:jar:1.1.0.Final:compile
[INFO] |  |  +- org.jboss.logging:jboss-logging:jar:3.3.0.Final:compile
[INFO] |  |  \- com.fasterxml:classmate:jar:1.3.1:compile
[INFO] |  +- com.fasterxml.jackson.core:jackson-databind:jar:2.8.1:compile
[INFO] |  |  +- com.fasterxml.jackson.core:jackson-annotations:jar:2.8.1:compile
[INFO] |  |  \- com.fasterxml.jackson.core:jackson-core:jar:2.8.1:compile
[INFO] |  +- org.springframework:spring-web:jar:4.3.2.RELEASE:compile
[INFO] |  |  +- org.springframework:spring-aop:jar:4.3.2.RELEASE:compile
[INFO] |  |  +- org.springframework:spring-beans:jar:4.3.2.RELEASE:compile
[INFO] |  |  \- org.springframework:spring-context:jar:4.3.2.RELEASE:compile
[INFO] |  \- org.springframework:spring-webmvc:jar:4.3.2.RELEASE:compile
[INFO] |     \- org.springframework:spring-expression:jar:4.3.2.RELEASE:compile
[INFO] +- org.projectlombok:lombok:jar:1.16.6:provided
[INFO] +- commons-validator:commons-validator:jar:1.5.1:compile
[INFO] |  +- commons-beanutils:commons-beanutils:jar:1.9.2:compile
[INFO] |  +- commons-digester:commons-digester:jar:2.1:compile
[INFO] |  +- commons-logging:commons-logging:jar:1.2:compile
[INFO] |  \- commons-collections:commons-collections:jar:3.2.2:compile
[INFO] +- com.google.zxing:core:jar:3.3.0:compile
[INFO] +- javax.mail:mail:jar:1.5.0-b01:compile
[INFO] |  \- javax.activation:activation:jar:1.1:compile
[INFO] +- commons-io:commons-io:jar:2.4:compile
[INFO] +- org.apache.commons:commons-lang3:jar:3.4:compile
[INFO] +- com.google.code.gson:gson:jar:1.7.1:compile
[INFO] +- org.springframework.boot:spring-boot-starter-test:jar:1.4.0.RELEASE:test
[INFO] |  +- org.springframework.boot:spring-boot-test:jar:1.4.0.RELEASE:test
[INFO] |  +- org.springframework.boot:spring-boot-test-autoconfigure:jar:1.4.0.RELEASE:test
[INFO] |  +- com.jayway.jsonpath:json-path:jar:2.2.0:test
[INFO] |  |  \- net.minidev:json-smart:jar:2.2.1:test
[INFO] |  |     \- net.minidev:accessors-smart:jar:1.1:test
[INFO] |  |        \- org.ow2.asm:asm:jar:5.0.3:test
[INFO] |  +- junit:junit:jar:4.12:test
[INFO] |  +- org.assertj:assertj-core:jar:2.5.0:test
[INFO] |  +- org.mockito:mockito-core:jar:1.10.19:test
[INFO] |  |  \- org.objenesis:objenesis:jar:2.1:test
[INFO] |  +- org.hamcrest:hamcrest-core:jar:1.3:test
[INFO] |  +- org.hamcrest:hamcrest-library:jar:1.3:test
[INFO] |  +- org.skyscreamer:jsonassert:jar:1.3.0:test
[INFO] |  |  \- org.json:json:jar:20140107:test
[INFO] |  +- org.springframework:spring-core:jar:4.3.2.RELEASE:compile
[INFO] |  \- org.springframework:spring-test:jar:4.3.2.RELEASE:test
[INFO] \- org.slf4j:slf4j-simple:jar:1.7.21:test
[INFO]    \- org.slf4j:slf4j-api:jar:1.7.21:compile
[INFO] ------------------------------------------------------------------------
[INFO] BUILD SUCCESS
[INFO] ------------------------------------------------------------------------
[INFO] Total time: 1.481 s
[INFO] Finished at: 2017-02-26T14:49:46+01:00
[INFO] Final Memory: 24M/385M
[INFO] ------------------------------------------------------------------------
